Configuring tf-random-0.5...
Building tf-random-0.5...
Preprocessing library tf-random-0.5...
[1 of 4] Compiling System.Random.TF.Gen ( src/System/Random/TF/Gen.hs, .stack-work/dist/x86_64-osx/Cabal-1.24.2.0/build/System/Random/TF/Gen.o )
[2 of 4] Compiling System.Random.TF.Init ( src/System/Random/TF/Init.hs, .stack-work/dist/x86_64-osx/Cabal-1.24.2.0/build/System/Random/TF/Init.o )

src/System/Random/TF/Init.hs:94:5: warning: [-Wdeprecations]
    In the use of ‘bitSize’ (imported from Data.Bits):
    Deprecated: "Use 'bitSizeMaybe' or 'finiteBitSize' instead"
[3 of 4] Compiling System.Random.TF.Instances ( src/System/Random/TF/Instances.hs, .stack-work/dist/x86_64-osx/Cabal-1.24.2.0/build/System/Random/TF/Instances.o )
[4 of 4] Compiling System.Random.TF ( src/System/Random/TF.hs, .stack-work/dist/x86_64-osx/Cabal-1.24.2.0/build/System/Random/TF.o )
Running Haddock for tf-random-0.5...
Preprocessing library tf-random-0.5...

src/System/Random/TF/Init.hs:94:5: warning: [-Wdeprecations]
    In the use of ‘bitSize’ (imported from Data.Bits):
    Deprecated: "Use 'bitSizeMaybe' or 'finiteBitSize' instead"
Haddock coverage:
 100% (  4 /  4) in 'System.Random.TF.Gen'
  83% (  5 /  6) in 'System.Random.TF.Init'
  Missing documentation for:
    Module header
  33% (  1 /  3) in 'System.Random.TF.Instances'
  Missing documentation for:
    Random (src/System/Random/TF/Instances.hs:37)
    randomEnum (src/System/Random/TF/Instances.hs:205)
 100% (  3 /  3) in 'System.Random.TF'
Documentation created:
.stack-work/dist/x86_64-osx/Cabal-1.24.2.0/doc/html/tf-random/index.html,
.stack-work/dist/x86_64-osx/Cabal-1.24.2.0/doc/html/tf-random/tf-random.txt
Installing library in
/Users/tatsuki/.stack/snapshots/x86_64-osx/lts-8.13/8.0.2/lib/x86_64-osx-ghc-8.0.2/tf-random-0.5-BGjMgO8m67W8CHiEl15kZ7
Registering tf-random-0.5...
